<?xml version="1.0" encoding="UTF-8"?>
<testng-results ignored="0" total="2" passed="2" failed="0" skipped="0">
  <reporter-output>
  </reporter-output>
  <suite started-at="2020-06-29T12:40:16Z" name="Suite" finished-at="2020-06-29T12:40:37Z" duration-ms="20463">
    <groups>
    </groups>
    <test started-at="2020-06-29T12:40:16Z" name="Test" finished-at="2020-06-29T12:40:37Z" duration-ms="20463">
      <class name="testcases.LaunchTest">
        <test-method signature="executeLaunch(java.lang.String, java.lang.String, int)[pri:0, instance:testcases.LaunchTest@19932c16]" started-at="2020-06-29T12:40:16Z" name="executeLaunch" finished-at="2020-06-29T12:40:27Z" duration-ms="11141" status="PASS">
          <params>
            <param index="0">
              <value>
                <![CDATA[chrome]]>
              </value>
            </param>
            <param index="1">
              <value>
                <![CDATA[https://phptravels.net/]]>
              </value>
            </param>
            <param index="2">
              <value>
                <![CDATA[15]]>
              </value>
            </param>
          </params>
          <reporter-output>
          </reporter-output>
        </test-method> <!-- executeLaunch -->
      </class> <!-- testcases.LaunchTest -->
      <class name="testcases.FlightTest">
        <test-method is-config="true" signature="setUp()[pri:0, instance:testcases.FlightTest@73eb439a]" started-at="2020-06-29T12:40:27Z" name="setUp" finished-at="2020-06-29T12:40:27Z" duration-ms="4" status="PASS">
          <reporter-output>
          </reporter-output>
        </test-method> <!-- setUp -->
        <test-method is-config="true" signature="setUp()[pri:0, instance:testcases.FlightTest@73eb439a]" started-at="2020-06-29T12:40:27Z" name="setUp" finished-at="2020-06-29T12:40:27Z" duration-ms="3" status="PASS">
          <reporter-output>
          </reporter-output>
        </test-method> <!-- setUp -->
        <test-method signature="searchFlights()[pri:0, instance:testcases.FlightTest@73eb439a]" started-at="2020-06-29T12:40:27Z" name="searchFlights" finished-at="2020-06-29T12:40:36Z" duration-ms="9198" status="PASS">
          <reporter-output>
          </reporter-output>
        </test-method> <!-- searchFlights -->
        <test-method is-config="true" signature="tearDown()[pri:0, instance:testcases.FlightTest@73eb439a]" started-at="2020-06-29T12:40:36Z" name="tearDown" finished-at="2020-06-29T12:40:37Z" duration-ms="98" status="PASS">
          <reporter-output>
          </reporter-output>
        </test-method> <!-- tearDown -->
        <test-method is-config="true" signature="tearDown()[pri:0, instance:testcases.FlightTest@73eb439a]" started-at="2020-06-29T12:40:37Z" name="tearDown" finished-at="2020-06-29T12:40:37Z" duration-ms="1" status="PASS">
          <reporter-output>
          </reporter-output>
        </test-method> <!-- tearDown -->
      </class> <!-- testcases.FlightTest -->
    </test> <!-- Test -->
  </suite> <!-- Suite -->
</testng-results>
